Transaction Digest: DuzWXxey5XvV75vvSdYqa6t3kYLX3ABgdSZEx3DsjaZ2
╭──────────────────────────────────────────────────────────────────────────────────────────────────────────────╮
│ Transaction Data                                                                                             │
├──────────────────────────────────────────────────────────────────────────────────────────────────────────────┤
│ Sender: 0xafe36044ef56d22494bfe6231e78dd128f097693f2d974761ee4d649e61f5fa2                                   │
│ Gas Owner: 0xafe36044ef56d22494bfe6231e78dd128f097693f2d974761ee4d649e61f5fa2                                │
│ Gas Budget: 27054000 MIST                                                                                    │
│ Gas Price: 740 MIST                                                                                          │
│ Gas Payment:                                                                                                 │
│  ┌──                                                                                                         │
│  │ ID: 0xbe5636022666fdffe21b1239ebeba284ec37c87c1edd6fad6035877d76ea9d23                                    │
│  │ Version: 528638926                                                                                        │
│  │ Digest: EzdAPwS25Acmh1W1xTdZka1VXL5GJFsb2nyw4kqrfkQ5                                                      │
│  └──                                                                                                         │
│                                                                                                              │
│ Transaction Kind: Programmable                                                                               │
│ ╭──────────────────────────────────────────────────────────────────────────────────────────────────────────╮ │
│ │ Input Objects                                                                                            │ │
│ ├──────────────────────────────────────────────────────────────────────────────────────────────────────────┤ │
│ │ 0   Pure Arg: Type: address, Value: "0xafe36044ef56d22494bfe6231e78dd128f097693f2d974761ee4d649e61f5fa2" │ │
│ ╰──────────────────────────────────────────────────────────────────────────────────────────────────────────╯ │
│ ╭─────────────────────────────────────────────────────────────────────────╮                                  │
│ │ Commands                                                                │                                  │
│ ├─────────────────────────────────────────────────────────────────────────┤                                  │
│ │ 0  Publish:                                                             │                                  │
│ │  ┌                                                                      │                                  │
│ │  │ Dependencies:                                                        │                                  │
│ │  │   0x0000000000000000000000000000000000000000000000000000000000000001 │                                  │
│ │  │   0x0000000000000000000000000000000000000000000000000000000000000002 │                                  │
│ │  └                                                                      │                                  │
│ │                                                                         │                                  │
│ │ 1  TransferObjects:                                                     │                                  │
│ │  ┌                                                                      │                                  │
│ │  │ Arguments:                                                           │                                  │
│ │  │   Result 0                                                           │                                  │
│ │  │ Address: Input  0                                                    │                                  │
│ │  └                                                                      │                                  │
│ ╰─────────────────────────────────────────────────────────────────────────╯                                  │
│                                                                                                              │
│ Signatures:                                                                                                  │
│    Nh0ZnRIKV7lnfxjTzhWRCPKobMFJsPCynEwl8t4zIqBLyhUX3a6TTPdJ3vWjGYwE4ZrEQc0kOxmjsUwC7mLABA==                  │
│                                                                                                              │
╰──────────────────────────────────────────────────────────────────────────────────────────────────────────────╯
╭───────────────────────────────────────────────────────────────────────────────────────────────────╮
│ Transaction Effects                                                                               │
├───────────────────────────────────────────────────────────────────────────────────────────────────┤
│ Digest: DuzWXxey5XvV75vvSdYqa6t3kYLX3ABgdSZEx3DsjaZ2                                              │
│ Status: Success                                                                                   │
│ Executed Epoch: 769                                                                               │
│                                                                                                   │
│ Created Objects:                                                                                  │
│  ┌──                                                                                              │
│  │ ID: 0x083b4e6f40473e01ec63bd58530d88ae20078c4e4c8f369a7d46dfd1d4527559                         │
│  │ Owner: Shared( 528638927 )                                                                     │
│  │ Version: 528638927                                                                             │
│  │ Digest: A33PhTxsnazhUuNqwEWUZa2v9k6wNsZavwkpbYAs1qoZ                                           │
│  └──                                                                                              │
│  ┌──                                                                                              │
│  │ ID: 0xe325fba64fc417ffa9fcd396d5dbc99f6cd241ad28bcfd680f9e159f18fdba31                         │
│  │ Owner: Immutable                                                                               │
│  │ Version: 1                                                                                     │
│  │ Digest: J2YRGwvqGgicAcegqj7x6k7nDC3cTEa5p2zPCBQuytU8                                           │
│  └──                                                                                              │
│  ┌──                                                                                              │
│  │ ID: 0xec69b4086056d4e3153d69da0a10c0f062cfb895159bdaab5f529f62a46a7cea                         │
│  │ Owner: Account Address ( 0xafe36044ef56d22494bfe6231e78dd128f097693f2d974761ee4d649e61f5fa2 )  │
│  │ Version: 528638927                                                                             │
│  │ Digest: 8VEEBr8x6GLPAr6v8xJCp9XsEKEpYp6Buk2r3iyHjwpg                                           │
│  └──                                                                                              │
│ Mutated Objects:                                                                                  │
│  ┌──                                                                                              │
│  │ ID: 0xbe5636022666fdffe21b1239ebeba284ec37c87c1edd6fad6035877d76ea9d23                         │
│  │ Owner: Account Address ( 0xafe36044ef56d22494bfe6231e78dd128f097693f2d974761ee4d649e61f5fa2 )  │
│  │ Version: 528638927                                                                             │
│  │ Digest: 4zy8WucpvjafcDfNsBZk4ePWjUugrK6HisVJVKvpUtq3                                           │
│  └──                                                                                              │
│ Gas Object:                                                                                       │
│  ┌──                                                                                              │
│  │ ID: 0xbe5636022666fdffe21b1239ebeba284ec37c87c1edd6fad6035877d76ea9d23                         │
│  │ Owner: Account Address ( 0xafe36044ef56d22494bfe6231e78dd128f097693f2d974761ee4d649e61f5fa2 )  │
│  │ Version: 528638927                                                                             │
│  │ Digest: 4zy8WucpvjafcDfNsBZk4ePWjUugrK6HisVJVKvpUtq3                                           │
│  └──                                                                                              │
│ Gas Cost Summary:                                                                                 │
│    Storage Cost: 25574000 MIST                                                                    │
│    Computation Cost: 740000 MIST                                                                  │
│    Storage Rebate: 978120 MIST                                                                    │
│    Non-refundable Storage Fee: 9880 MIST                                                          │
│                                                                                                   │
│ Transaction Dependencies:                                                                         │
│    83uCyFKtdajcU7PGT7YAo1t4kYzcTe9yhXd1Qw4vQzc2                                                   │
│    GnNbe5w94NkRdNaMkzsZEa9N1rFGWw3zbyBmSP9Y19kD                                                   │
╰───────────────────────────────────────────────────────────────────────────────────────────────────╯
╭─────────────────────────────────────────────────────────────────────────────────────────────────────────────╮
│ Transaction Block Events                                                                                    │
├─────────────────────────────────────────────────────────────────────────────────────────────────────────────┤
│  ┌──                                                                                                        │
│  │ EventID: DuzWXxey5XvV75vvSdYqa6t3kYLX3ABgdSZEx3DsjaZ2:0                                                  │
│  │ PackageID: 0xe325fba64fc417ffa9fcd396d5dbc99f6cd241ad28bcfd680f9e159f18fdba31                            │
│  │ Transaction Module: file_blob                                                                            │
│  │ Sender: 0xafe36044ef56d22494bfe6231e78dd128f097693f2d974761ee4d649e61f5fa2                               │
│  │ EventType: 0xe325fba64fc417ffa9fcd396d5dbc99f6cd241ad28bcfd680f9e159f18fdba31::file_blob::StroageCreated │
│  │ ParsedJSON:                                                                                              │
│  │   ┌─────────┬────────────────────────────────────────────────────────────────────┐                       │
│  │   │ storage │ 0x083b4e6f40473e01ec63bd58530d88ae20078c4e4c8f369a7d46dfd1d4527559 │                       │
│  │   └─────────┴────────────────────────────────────────────────────────────────────┘                       │
│  └──                                                                                                        │
╰─────────────────────────────────────────────────────────────────────────────────────────────────────────────╯
╭────────────────────────────────────────────────────────────────────────────────────────────────────────╮
│ Object Changes                                                                                         │
├────────────────────────────────────────────────────────────────────────────────────────────────────────┤
│ Created Objects:                                                                                       │
│  ┌──                                                                                                   │
│  │ ObjectID: 0x083b4e6f40473e01ec63bd58530d88ae20078c4e4c8f369a7d46dfd1d4527559                        │
│  │ Sender: 0xafe36044ef56d22494bfe6231e78dd128f097693f2d974761ee4d649e61f5fa2                          │
│  │ Owner: Shared( 528638927 )                                                                          │
│  │ ObjectType: 0xe325fba64fc417ffa9fcd396d5dbc99f6cd241ad28bcfd680f9e159f18fdba31::file_blob::Storage  │
│  │ Version: 528638927                                                                                  │
│  │ Digest: A33PhTxsnazhUuNqwEWUZa2v9k6wNsZavwkpbYAs1qoZ                                                │
│  └──                                                                                                   │
│  ┌──                                                                                                   │
│  │ ObjectID: 0xec69b4086056d4e3153d69da0a10c0f062cfb895159bdaab5f529f62a46a7cea                        │
│  │ Sender: 0xafe36044ef56d22494bfe6231e78dd128f097693f2d974761ee4d649e61f5fa2                          │
│  │ Owner: Account Address ( 0xafe36044ef56d22494bfe6231e78dd128f097693f2d974761ee4d649e61f5fa2 )       │
│  │ ObjectType: 0x2::package::UpgradeCap                                                                │
│  │ Version: 528638927                                                                                  │
│  │ Digest: 8VEEBr8x6GLPAr6v8xJCp9XsEKEpYp6Buk2r3iyHjwpg                                                │
│  └──                                                                                                   │
│ Mutated Objects:                                                                                       │
│  ┌──                                                                                                   │
│  │ ObjectID: 0xbe5636022666fdffe21b1239ebeba284ec37c87c1edd6fad6035877d76ea9d23                        │
│  │ Sender: 0xafe36044ef56d22494bfe6231e78dd128f097693f2d974761ee4d649e61f5fa2                          │
│  │ Owner: Account Address ( 0xafe36044ef56d22494bfe6231e78dd128f097693f2d974761ee4d649e61f5fa2 )       │
│  │ ObjectType: 0x2::coin::Coin<0x2::sui::SUI>                                                          │
│  │ Version: 528638927                                                                                  │
│  │ Digest: 4zy8WucpvjafcDfNsBZk4ePWjUugrK6HisVJVKvpUtq3                                                │
│  └──                                                                                                   │
│ Published Objects:                                                                                     │
│  ┌──                                                                                                   │
│  │ PackageID: 0xe325fba64fc417ffa9fcd396d5dbc99f6cd241ad28bcfd680f9e159f18fdba31                       │
│  │ Version: 1                                                                                          │
│  │ Digest: J2YRGwvqGgicAcegqj7x6k7nDC3cTEa5p2zPCBQuytU8                                                │
│  │ Modules: file_blob                                                                                  │
│  └──                                                                                                   │
╰────────────────────────────────────────────────────────────────────────────────────────────────────────╯
╭───────────────────────────────────────────────────────────────────────────────────────────────────╮
│ Balance Changes                                                                                   │
├───────────────────────────────────────────────────────────────────────────────────────────────────┤
│  ┌──                                                                                              │
│  │ Owner: Account Address ( 0xafe36044ef56d22494bfe6231e78dd128f097693f2d974761ee4d649e61f5fa2 )  │
│  │ CoinType: 0x2::sui::SUI                                                                        │
│  │ Amount: -25335880                                                                              │
│  └──                                                                                              │
╰───────────────────────────────────────────────────────────────────────────────────────────────────╯
